<?xml version="1.0" encoding="UTF-8"?>
<testng-results ignored="0" total="1" passed="1" failed="0" skipped="0">
  <reporter-output>
  </reporter-output>
  <suite started-at="2023-09-14T11:37:05 IST" name="Default suite" finished-at="2023-09-14T11:37:32 IST" duration-ms="26987">
    <groups>
    </groups>
    <test started-at="2023-09-14T11:37:05 IST" name="Default test" finished-at="2023-09-14T11:37:32 IST" duration-ms="26987">
      <class name="demoplot.DemoPlot.AppiumBasics">
        <test-method is-config="true" signature="configAppium()[pri:0, instance:demoplot.DemoPlot.AppiumBasics@5f049ea1]" started-at="2023-09-14T11:37:05 IST" name="configAppium" finished-at="2023-09-14T11:37:27 IST" duration-ms="22110" status="PASS">
          <reporter-output>
          </reporter-output>
        </test-method> <!-- configAppium -->
        <test-method signature="KrishLogin()[pri:0, instance:demoplot.DemoPlot.AppiumBasics@5f049ea1]" started-at="2023-09-14T11:37:27 IST" name="KrishLogin" finished-at="2023-09-14T11:37:29 IST" duration-ms="2364" status="PASS">
          <reporter-output>
          </reporter-output>
        </test-method> <!-- KrishLogin -->
        <test-method is-config="true" signature="Teardown()[pri:0, instance:demoplot.DemoPlot.AppiumBasics@5f049ea1]" started-at="2023-09-14T11:37:29 IST" name="Teardown" finished-at="2023-09-14T11:37:32 IST" duration-ms="2339" status="PASS">
          <reporter-output>
          </reporter-output>
        </test-method> <!-- Teardown -->
      </class> <!-- demoplot.DemoPlot.AppiumBasics -->
    </test> <!-- Default test -->
  </suite> <!-- Default suite -->
</testng-results>
